<?xml version="1.0" encoding="UTF-8"?>
<!-- Generated by org.testng.reporters.JUnitXMLReporter -->
<testsuite hostname="utp206-3" name="Pen Color Test" tests="1" failures="1" timestamp="10 Jun 2016 11:18:20 GMT" time="0.078" errors="0">
  <testcase name="test" time="0.031" classname="ban_home.PenColorTest">
    <failure type="java.lang.AssertionError" message="expected [null] but found [BLUE]">
      <![CDATA[java.lang.AssertionError: expected [null] but found [BLUE]
	at ban_home.PenColorTest.test(PenColorTest.java:17)
... Removed 33 stack frames]]>
    </failure>
  </testcase> <!-- test -->
</testsuite> <!-- Pen Color Test -->
