<?xml version="1.0" encoding="UTF-8"?>
<!-- Generated by org.testng.reporters.JUnitXMLReporter -->
<testsuite hostname="utp206-3" name="Writing Test when container value is less 0" tests="1" failures="1" timestamp="10 Jun 2016 11:18:20 GMT" time="0.0" errors="0">
  <testcase name="test" time="0.0" classname="ban_home.PenWritingTest">
    <failure type="java.lang.AssertionError" message="expected [null] but found []">
      <![CDATA[java.lang.AssertionError: expected [null] but found []
	at ban_home.PenWritingTest.test(PenWritingTest.java:17)
... Removed 33 stack frames]]>
    </failure>
  </testcase> <!-- test -->
</testsuite> <!-- Writing Test when container value is less 0 -->
