<?xml version="1.0" encoding="UTF-8"?>
<testsuite xmlns:xsi="http://www.w3.org/2001/XMLSchema-instance" xsi:schemaLocation="https://maven.apache.org/surefire/maven-surefire-plugin/xsd/surefire-test-report.xsd" name="TestSuite" time="1.25" tests="4" errors="0" skipped="0" failures="4">
  <properties>
[...]
</properties>
  <testcase name="test" classname="ban_home.PenColorTest" time="0.031">
    <failure message="expected [null] but found [BLUE]" type="java.lang.AssertionError">java.lang.AssertionError: expected [null] but found [BLUE]
	at ban_home.PenColorTest.test(PenColorTest.java:17)
</failure>
  </testcase>
  <testcase name="test" classname="ban_home.PenWritingTest" time="0">
    <failure message="expected [null] but found []" type="java.lang.AssertionError">java.lang.AssertionError: expected [null] but found []
	at ban_home.PenWritingTest.test(PenWritingTest.java:17)
</failure>
  </testcase>
  <testcase name="test" classname="ban_home.PenWritingTest" time="0">
    <failure message="expected [null] but found []" type="java.lang.AssertionError">java.lang.AssertionError: expected [null] but found []
	at ban_home.PenWritingTest.test(PenWritingTest.java:17)
</failure>
  </testcase>
  <testcase name="test" classname="ban_home.PenWritingTest" time="0">
    <failure message="expected [null] but found []" type="java.lang.AssertionError">java.lang.AssertionError: expected [null] but found []
	at ban_home.PenWritingTest.test(PenWritingTest.java:17)
</failure>
  </testcase>
</testsuite>